Build started 21/12/2015 9:08:47 μμ.
     1>Project "C:\Users\PanosGk\Desktop\OpenGL_Lab06\OpenGL_Lab06\OpenGL_Lab06\OpenGL_Lab06.vcxproj" on node 2 (build target(s)).
     1>InitializeBuildStatus:
         Creating "Debug\OpenGL_Lab06.unsuccessfulbuild" because "AlwaysCreate" was specified.
       ClCompile:
         C:\Program Files (x86)\Microsoft Visual Studio 10.0\VC\bin\CL.exe /c /IC:\Users\PanosGk\Desktop\OpenGL_Lab06\OpenGL_Lab06\libs/gl/include /ZI /nologo /W3 /WX- /Od /Oy- /D WIN32 /D _DEBUG /D _CONSOLE /D _UNICODE /D UNICODE /Gm /EHsc /RTC1 /MDd /GS /fp:precise /Zc:wchar_t /Zc:forScope /Fo"Debug\\" /Fd"Debug\vc100.pdb" /Gd /TP /analyze- /errorReport:prompt main.cpp visuals.cpp
         visuals.cpp
         main.cpp
         Generating Code...
       ManifestResourceCompile:
         C:\Program Files (x86)\Microsoft SDKs\Windows\v7.0A\bin\rc.exe /nologo /fo"Debug\OpenGL_Lab06.exe.embed.manifest.res" Debug\OpenGL_Lab06_manifest.rc 
       Link:
         C:\Program Files (x86)\Microsoft Visual Studio 10.0\VC\bin\link.exe /ERRORREPORT:PROMPT /OUT:"C:\Users\PanosGk\Desktop\OpenGL_Lab06\OpenGL_Lab06\Debug\OpenGL_Lab06.exe" /INCREMENTAL /NOLOGO /LIBPATH:C:\Users\PanosGk\Desktop\OpenGL_Lab06\OpenGL_Lab06\libs/gl/lib opengl32.lib glu32.lib glut32.lib kernel32.lib user32.lib gdi32.lib winspool.lib comdlg32.lib advapi32.lib shell32.lib ole32.lib oleaut32.lib uuid.lib odbc32.lib odbccp32.lib /MANIFEST /ManifestFile:"Debug\OpenGL_Lab06.exe.intermediate.manifest" /MANIFESTUAC:"level='asInvoker' uiAccess='false'" /DEBUG /PDB:"C:\Users\PanosGk\Desktop\OpenGL_Lab06\OpenGL_Lab06\Debug\OpenGL_Lab06.pdb" /SUBSYSTEM:CONSOLE /TLBID:1 /DYNAMICBASE /NXCOMPAT /IMPLIB:"C:\Users\PanosGk\Desktop\OpenGL_Lab06\OpenGL_Lab06\Debug\OpenGL_Lab06.lib" /MACHINE:X86 Debug\OpenGL_Lab06.exe.embed.manifest.res
         Debug\main.obj
         Debug\visuals.obj
       Manifest:
         C:\Program Files (x86)\Microsoft SDKs\Windows\v7.0A\bin\mt.exe /nologo /verbose /out:"Debug\OpenGL_Lab06.exe.embed.manifest" /manifest Debug\OpenGL_Lab06.exe.intermediate.manifest
         C:\Program Files (x86)\Microsoft SDKs\Windows\v7.0A\bin\rc.exe /nologo /fo"Debug\OpenGL_Lab06.exe.embed.manifest.res" Debug\OpenGL_Lab06_manifest.rc 
       LinkEmbedManifest:
         C:\Program Files (x86)\Microsoft Visual Studio 10.0\VC\bin\link.exe /ERRORREPORT:PROMPT /OUT:"C:\Users\PanosGk\Desktop\OpenGL_Lab06\OpenGL_Lab06\Debug\OpenGL_Lab06.exe" /INCREMENTAL /NOLOGO /LIBPATH:C:\Users\PanosGk\Desktop\OpenGL_Lab06\OpenGL_Lab06\libs/gl/lib opengl32.lib glu32.lib glut32.lib kernel32.lib user32.lib gdi32.lib winspool.lib comdlg32.lib advapi32.lib shell32.lib ole32.lib oleaut32.lib uuid.lib odbc32.lib odbccp32.lib /MANIFEST /ManifestFile:"Debug\OpenGL_Lab06.exe.intermediate.manifest" /MANIFESTUAC:"level='asInvoker' uiAccess='false'" /DEBUG /PDB:"C:\Users\PanosGk\Desktop\OpenGL_Lab06\OpenGL_Lab06\Debug\OpenGL_Lab06.pdb" /SUBSYSTEM:CONSOLE /TLBID:1 /DYNAMICBASE /NXCOMPAT /IMPLIB:"C:\Users\PanosGk\Desktop\OpenGL_Lab06\OpenGL_Lab06\Debug\OpenGL_Lab06.lib" /MACHINE:X86 Debug\OpenGL_Lab06.exe.embed.manifest.res
         Debug\main.obj
         Debug\visuals.obj
         OpenGL_Lab06.vcxproj -> C:\Users\PanosGk\Desktop\OpenGL_Lab06\OpenGL_Lab06\Debug\OpenGL_Lab06.exe
       FinalizeBuildStatus:
         Deleting file "Debug\OpenGL_Lab06.unsuccessfulbuild".
         Touching "Debug\OpenGL_Lab06.lastbuildstate".
     1>Done Building Project "C:\Users\PanosGk\Desktop\OpenGL_Lab06\OpenGL_Lab06\OpenGL_Lab06\OpenGL_Lab06.vcxproj" (build target(s)).

Build succeeded.

Time Elapsed 00:00:02.47
