Build started 16/3/2015 1:10:59 μμ.
     1>Project "C:\Users\Christos\workspace_vs\GeoLabSkeleton\GeoLabSkeleton\GeoLabSkeleton.vcxproj" on node 2 (build target(s)).
     1>InitializeBuildStatus:
         Creating "Release\GeoLabSkeleton.unsuccessfulbuild" because "AlwaysCreate" was specified.
       ClCompile:
         C:\Program Files (x86)\Microsoft Visual Studio 10.0\VC\bin\CL.exe /c /IC:\Users\Christos\workspace_vs\GeoLabSkeleton\VVRFramework/include /Zi /nologo /W3 /WX- /O2 /Oi /Oy- /GL /D WIN32 /D NDEBUG /D _WINDOWS /D _UNICODE /D UNICODE /Gm- /EHsc /MD /GS /Gy /fp:precise /Zc:wchar_t /Zc:forScope /Fo"Release\\" /Fd"Release\vc100.pdb" /Gd /TP /analyze- /errorReport:prompt ContourEditorScene.cpp ExampleScene.cpp main.cpp
         ContourEditorScene.cpp
     1>C:\Users\Christos\workspace_vs\GeoLabSkeleton\VVRFramework\include\settings.h(16): warning C4251: 'vvr::Settings::sMap' : class 'std::map<_Kty,_Ty>' needs to have dll-interface to be used by clients of class 'vvr::Settings'
                 with
                 [
                     _Kty=std::string,
                     _Ty=std::string
                 ]
     1>c:\users\christos\workspace_vs\geolabskeleton\vvrframework\include\canvas.h(29): warning C4244: '=' : conversion from 'long' to 'unsigned char', possible loss of data
     1>c:\users\christos\workspace_vs\geolabskeleton\vvrframework\include\canvas.h(30): warning C4244: '=' : conversion from 'long' to 'unsigned char', possible loss of data
     1>c:\users\christos\workspace_vs\geolabskeleton\vvrframework\include\canvas.h(31): warning C4244: '=' : conversion from 'long' to 'unsigned char', possible loss of data
     1>c:\users\christos\workspace_vs\geolabskeleton\vvrframework\include\canvas.h(138): warning C4251: 'vvr::Frame::shapes' : class 'std::vector<_Ty>' needs to have dll-interface to be used by clients of struct 'vvr::Frame'
                 with
                 [
                     _Ty=vvr::Shape *
                 ]
     1>c:\users\christos\workspace_vs\geolabskeleton\vvrframework\include\canvas.h(145): warning C4251: 'vvr::Canvas2D::frames' : class 'std::vector<_Ty>' needs to have dll-interface to be used by clients of class 'vvr::Canvas2D'
                 with
                 [
                     _Ty=vvr::Frame
                 ]
     1>C:\Users\Christos\workspace_vs\GeoLabSkeleton\VVRFramework\include\mesh.h(36): warning C4251: 'vvr::Mesh::mVertices' : class 'std::vector<_Ty>' needs to have dll-interface to be used by clients of class 'vvr::Mesh'
                 with
                 [
                     _Ty=vvr::Vec3d
                 ]
     1>C:\Users\Christos\workspace_vs\GeoLabSkeleton\VVRFramework\include\mesh.h(37): warning C4251: 'vvr::Mesh::mTriangles' : class 'std::vector<_Ty>' needs to have dll-interface to be used by clients of class 'vvr::Mesh'
                 with
                 [
                     _Ty=vvr::Triangle
                 ]
     1>C:\Users\Christos\workspace_vs\GeoLabSkeleton\VVRFramework\include\mesh.h(38): warning C4251: 'vvr::Mesh::mVertexNormals' : class 'std::vector<_Ty>' needs to have dll-interface to be used by clients of class 'vvr::Mesh'
                 with
                 [
                     _Ty=vvr::Vec3d
                 ]
     1>C:\Users\Christos\workspace_vs\GeoLabSkeleton\VVRFramework\include\mesh.h(39): warning C4251: 'vvr::Mesh::mTexCoords' : class 'std::vector<_Ty>' needs to have dll-interface to be used by clients of class 'vvr::Mesh'
                 with
                 [
                     _Ty=float
                 ]
     1>c:\users\christos\workspace_vs\geolabskeleton\vvrframework\include\mathgeolib\geometry\AABB2D.h(132): warning C4996: 'sprintf': This function or variable may be unsafe. Consider using sprintf_s instead. To disable deprecation, use _CRT_SECURE_NO_WARNINGS. See online help for details.
                 C:\Program Files (x86)\Microsoft Visual Studio 10.0\VC\include\stdio.h(371) : see declaration of 'sprintf'
     1>ContourEditorScene.cpp(41): warning C4018: '<' : signed/unsigned mismatch
     1>ContourEditorScene.cpp(42): warning C4018: '<' : signed/unsigned mismatch
     1>ContourEditorScene.cpp(137): warning C4996: 'fopen': This function or variable may be unsafe. Consider using fopen_s instead. To disable deprecation, use _CRT_SECURE_NO_WARNINGS. See online help for details.
                 C:\Program Files (x86)\Microsoft Visual Studio 10.0\VC\include\stdio.h(234) : see declaration of 'fopen'
     1>ContourEditorScene.cpp(140): warning C4018: '<' : signed/unsigned mismatch
     1>ContourEditorScene.cpp(142): warning C4018: '<' : signed/unsigned mismatch
         ExampleScene.cpp
     1>C:\Users\Christos\workspace_vs\GeoLabSkeleton\VVRFramework\include\settings.h(16): warning C4251: 'vvr::Settings::sMap' : class 'std::map<_Kty,_Ty>' needs to have dll-interface to be used by clients of class 'vvr::Settings'
                 with
                 [
                     _Kty=std::string,
                     _Ty=std::string
                 ]
     1>c:\users\christos\workspace_vs\geolabskeleton\vvrframework\include\canvas.h(29): warning C4244: '=' : conversion from 'long' to 'unsigned char', possible loss of data
     1>c:\users\christos\workspace_vs\geolabskeleton\vvrframework\include\canvas.h(30): warning C4244: '=' : conversion from 'long' to 'unsigned char', possible loss of data
     1>c:\users\christos\workspace_vs\geolabskeleton\vvrframework\include\canvas.h(31): warning C4244: '=' : conversion from 'long' to 'unsigned char', possible loss of data
     1>c:\users\christos\workspace_vs\geolabskeleton\vvrframework\include\canvas.h(138): warning C4251: 'vvr::Frame::shapes' : class 'std::vector<_Ty>' needs to have dll-interface to be used by clients of struct 'vvr::Frame'
                 with
                 [
                     _Ty=vvr::Shape *
                 ]
     1>c:\users\christos\workspace_vs\geolabskeleton\vvrframework\include\canvas.h(145): warning C4251: 'vvr::Canvas2D::frames' : class 'std::vector<_Ty>' needs to have dll-interface to be used by clients of class 'vvr::Canvas2D'
                 with
                 [
                     _Ty=vvr::Frame
                 ]
     1>C:\Users\Christos\workspace_vs\GeoLabSkeleton\VVRFramework\include\mesh.h(36): warning C4251: 'vvr::Mesh::mVertices' : class 'std::vector<_Ty>' needs to have dll-interface to be used by clients of class 'vvr::Mesh'
                 with
                 [
                     _Ty=vvr::Vec3d
                 ]
     1>C:\Users\Christos\workspace_vs\GeoLabSkeleton\VVRFramework\include\mesh.h(37): warning C4251: 'vvr::Mesh::mTriangles' : class 'std::vector<_Ty>' needs to have dll-interface to be used by clients of class 'vvr::Mesh'
                 with
                 [
                     _Ty=vvr::Triangle
                 ]
     1>C:\Users\Christos\workspace_vs\GeoLabSkeleton\VVRFramework\include\mesh.h(38): warning C4251: 'vvr::Mesh::mVertexNormals' : class 'std::vector<_Ty>' needs to have dll-interface to be used by clients of class 'vvr::Mesh'
                 with
                 [
                     _Ty=vvr::Vec3d
                 ]
     1>C:\Users\Christos\workspace_vs\GeoLabSkeleton\VVRFramework\include\mesh.h(39): warning C4251: 'vvr::Mesh::mTexCoords' : class 'std::vector<_Ty>' needs to have dll-interface to be used by clients of class 'vvr::Mesh'
                 with
                 [
                     _Ty=float
                 ]
     1>c:\users\christos\workspace_vs\geolabskeleton\vvrframework\include\mathgeolib\geometry\AABB2D.h(132): warning C4996: 'sprintf': This function or variable may be unsafe. Consider using sprintf_s instead. To disable deprecation, use _CRT_SECURE_NO_WARNINGS. See online help for details.
                 C:\Program Files (x86)\Microsoft Visual Studio 10.0\VC\include\stdio.h(371) : see declaration of 'sprintf'
         main.cpp
     1>C:\Users\Christos\workspace_vs\GeoLabSkeleton\VVRFramework\include\settings.h(16): warning C4251: 'vvr::Settings::sMap' : class 'std::map<_Kty,_Ty>' needs to have dll-interface to be used by clients of class 'vvr::Settings'
                 with
                 [
                     _Kty=std::string,
                     _Ty=std::string
                 ]
     1>c:\users\christos\workspace_vs\geolabskeleton\vvrframework\include\canvas.h(29): warning C4244: '=' : conversion from 'long' to 'unsigned char', possible loss of data
     1>c:\users\christos\workspace_vs\geolabskeleton\vvrframework\include\canvas.h(30): warning C4244: '=' : conversion from 'long' to 'unsigned char', possible loss of data
     1>c:\users\christos\workspace_vs\geolabskeleton\vvrframework\include\canvas.h(31): warning C4244: '=' : conversion from 'long' to 'unsigned char', possible loss of data
     1>c:\users\christos\workspace_vs\geolabskeleton\vvrframework\include\canvas.h(138): warning C4251: 'vvr::Frame::shapes' : class 'std::vector<_Ty>' needs to have dll-interface to be used by clients of struct 'vvr::Frame'
                 with
                 [
                     _Ty=vvr::Shape *
                 ]
     1>c:\users\christos\workspace_vs\geolabskeleton\vvrframework\include\canvas.h(145): warning C4251: 'vvr::Canvas2D::frames' : class 'std::vector<_Ty>' needs to have dll-interface to be used by clients of class 'vvr::Canvas2D'
                 with
                 [
                     _Ty=vvr::Frame
                 ]
     1>C:\Users\Christos\workspace_vs\GeoLabSkeleton\VVRFramework\include\mesh.h(36): warning C4251: 'vvr::Mesh::mVertices' : class 'std::vector<_Ty>' needs to have dll-interface to be used by clients of class 'vvr::Mesh'
                 with
                 [
                     _Ty=vvr::Vec3d
                 ]
     1>C:\Users\Christos\workspace_vs\GeoLabSkeleton\VVRFramework\include\mesh.h(37): warning C4251: 'vvr::Mesh::mTriangles' : class 'std::vector<_Ty>' needs to have dll-interface to be used by clients of class 'vvr::Mesh'
                 with
                 [
                     _Ty=vvr::Triangle
                 ]
     1>C:\Users\Christos\workspace_vs\GeoLabSkeleton\VVRFramework\include\mesh.h(38): warning C4251: 'vvr::Mesh::mVertexNormals' : class 'std::vector<_Ty>' needs to have dll-interface to be used by clients of class 'vvr::Mesh'
                 with
                 [
                     _Ty=vvr::Vec3d
                 ]
     1>C:\Users\Christos\workspace_vs\GeoLabSkeleton\VVRFramework\include\mesh.h(39): warning C4251: 'vvr::Mesh::mTexCoords' : class 'std::vector<_Ty>' needs to have dll-interface to be used by clients of class 'vvr::Mesh'
                 with
                 [
                     _Ty=float
                 ]
       Link:
         C:\Program Files (x86)\Microsoft Visual Studio 10.0\VC\bin\link.exe /ERRORREPORT:PROMPT /OUT:"C:\Users\Christos\workspace_vs\GeoLabSkeleton\Release\GeoLabSkeleton.exe" /INCREMENTAL:NO /NOLOGO /LIBPATH:C:\Users\Christos\workspace_vs\GeoLabSkeleton\VVRFramework/lib/Release/ kernel32.lib user32.lib gdi32.lib winspool.lib comdlg32.lib advapi32.lib shell32.lib ole32.lib oleaut32.lib uuid.lib odbc32.lib odbccp32.lib VVRScene.lib VVRScene.lib /MANIFEST /ManifestFile:"Release\GeoLabSkeleton.exe.intermediate.manifest" /MANIFESTUAC:"level='asInvoker' uiAccess='false'" /DEBUG /PDB:"C:\Users\Christos\workspace_vs\GeoLabSkeleton\Release\GeoLabSkeleton.pdb" /SUBSYSTEM:CONSOLE /OPT:REF /OPT:ICF /LTCG /TLBID:1 /DYNAMICBASE /NXCOMPAT /IMPLIB:"C:\Users\Christos\workspace_vs\GeoLabSkeleton\Release\GeoLabSkeleton.lib" /MACHINE:X86 Release\ContourEditorScene.obj
         Release\ExampleScene.obj
         Release\main.obj
         Generating code
         Finished generating code
         GeoLabSkeleton.vcxproj -> C:\Users\Christos\workspace_vs\GeoLabSkeleton\Release\GeoLabSkeleton.exe
       Manifest:
         C:\Program Files (x86)\Microsoft SDKs\Windows\v7.0A\bin\mt.exe /nologo /verbose /outputresource:"C:\Users\Christos\workspace_vs\GeoLabSkeleton\Release\GeoLabSkeleton.exe;#1" /manifest Release\GeoLabSkeleton.exe.intermediate.manifest
       FinalizeBuildStatus:
         Deleting file "Release\GeoLabSkeleton.unsuccessfulbuild".
         Touching "Release\GeoLabSkeleton.lastbuildstate".
     1>Done Building Project "C:\Users\Christos\workspace_vs\GeoLabSkeleton\GeoLabSkeleton\GeoLabSkeleton.vcxproj" (build target(s)).

Build succeeded.

Time Elapsed 00:00:01.38
