D:\Dev\workspace_vs\GeoLab\GeoLab_00\Release\CL.9300.read.1.tlog
D:\Dev\workspace_vs\GeoLab\GeoLab_00\Release\CL.9300.write.1.tlog
D:\Dev\workspace_vs\GeoLab\GeoLab_00\Release\CL.9308.read.1.tlog
D:\Dev\workspace_vs\GeoLab\GeoLab_00\Release\CL.9308.write.1.tlog
D:\Dev\workspace_vs\GeoLab\GeoLab_00\Release\CL.9316.read.1.tlog
D:\Dev\workspace_vs\GeoLab\GeoLab_00\Release\CL.9316.write.1.tlog
D:\Dev\workspace_vs\GeoLab\GeoLab_00\Release\cl.command.1.tlog
D:\Dev\workspace_vs\GeoLab\GeoLab_00\Release\CL.read.1.tlog
D:\Dev\workspace_vs\GeoLab\GeoLab_00\Release\cl.write.1.tlog
D:\DEV\WORKSPACE_VS\GEOLAB\GEOLAB_00\RELEASE\GEOLAB_00.EXE.INTERMEDIATE.MANIFEST
D:\Dev\workspace_vs\GeoLab\GeoLab_00\Release\link.command.1.tlog
D:\Dev\workspace_vs\GeoLab\GeoLab_00\Release\link.read.1.tlog
D:\Dev\workspace_vs\GeoLab\GeoLab_00\Release\link.write.1.tlog
D:\Dev\workspace_vs\GeoLab\GeoLab_00\Release\main.obj
D:\Dev\workspace_vs\GeoLab\GeoLab_00\Release\mt.command.1.tlog
D:\Dev\workspace_vs\GeoLab\GeoLab_00\Release\mt.read.1.tlog
D:\Dev\workspace_vs\GeoLab\GeoLab_00\Release\mt.write.1.tlog
D:\Dev\workspace_vs\GeoLab\GeoLab_00\Release\Scene01.obj
D:\Dev\workspace_vs\GeoLab\GeoLab_00\Release\Scene02.obj
D:\DEV\WORKSPACE_VS\GEOLAB\GEOLAB_00\RELEASE\VC100.PDB
D:\DEV\WORKSPACE_VS\GEOLAB\RELEASE\GEOLAB_00.EXE
D:\DEV\WORKSPACE_VS\GEOLAB\RELEASE\GEOLAB_00.PDB
