D:\DEV\WORKSPACE_VS\GEOLAB\DEBUG\GEOLAB_01.EXE
D:\DEV\WORKSPACE_VS\GEOLAB\DEBUG\GEOLAB_01.ILK
D:\DEV\WORKSPACE_VS\GEOLAB\DEBUG\GEOLAB_01.PDB
D:\Dev\workspace_vs\GeoLab\GeoLab_01\Debug\cl.command.1.tlog
D:\Dev\workspace_vs\GeoLab\GeoLab_01\Debug\CL.read.1.tlog
D:\Dev\workspace_vs\GeoLab\GeoLab_01\Debug\CL.write.1.tlog
D:\DEV\WORKSPACE_VS\GEOLAB\GEOLAB_01\DEBUG\GEOLAB_01.EXE.EMBED.MANIFEST
D:\DEV\WORKSPACE_VS\GEOLAB\GEOLAB_01\DEBUG\GEOLAB_01.EXE.EMBED.MANIFEST.RES
D:\DEV\WORKSPACE_VS\GEOLAB\GEOLAB_01\DEBUG\GEOLAB_01.EXE.INTERMEDIATE.MANIFEST
D:\Dev\workspace_vs\GeoLab\GeoLab_01\Debug\GeoLab_01.write.1.tlog
D:\Dev\workspace_vs\GeoLab\GeoLab_01\Debug\GeoLab_01_manifest.rc
D:\Dev\workspace_vs\GeoLab\GeoLab_01\Debug\link.3384.read.1.tlog
D:\Dev\workspace_vs\GeoLab\GeoLab_01\Debug\link.3384.write.1.tlog
D:\Dev\workspace_vs\GeoLab\GeoLab_01\Debug\link.3384-cvtres.read.1.tlog
D:\Dev\workspace_vs\GeoLab\GeoLab_01\Debug\link.3384-cvtres.write.1.tlog
D:\Dev\workspace_vs\GeoLab\GeoLab_01\Debug\link.9880.read.1.tlog
D:\Dev\workspace_vs\GeoLab\GeoLab_01\Debug\link.9880.write.1.tlog
D:\Dev\workspace_vs\GeoLab\GeoLab_01\Debug\link.9880-cvtres.read.1.tlog
D:\Dev\workspace_vs\GeoLab\GeoLab_01\Debug\link.9880-cvtres.write.1.tlog
D:\Dev\workspace_vs\GeoLab\GeoLab_01\Debug\link.command.1.tlog
D:\Dev\workspace_vs\GeoLab\GeoLab_01\Debug\link.read.1.tlog
D:\Dev\workspace_vs\GeoLab\GeoLab_01\Debug\link.write.1.tlog
D:\Dev\workspace_vs\GeoLab\GeoLab_01\Debug\link-cvtres.read.1.tlog
D:\Dev\workspace_vs\GeoLab\GeoLab_01\Debug\link-cvtres.write.1.tlog
D:\Dev\workspace_vs\GeoLab\GeoLab_01\Debug\mt.command.1.tlog
D:\Dev\workspace_vs\GeoLab\GeoLab_01\Debug\mt.read.1.tlog
D:\Dev\workspace_vs\GeoLab\GeoLab_01\Debug\mt.write.1.tlog
D:\Dev\workspace_vs\GeoLab\GeoLab_01\Debug\rc.command.1.tlog
D:\Dev\workspace_vs\GeoLab\GeoLab_01\Debug\rc.read.1.tlog
D:\Dev\workspace_vs\GeoLab\GeoLab_01\Debug\rc.write.1.tlog
D:\DEV\WORKSPACE_VS\GEOLAB\GEOLAB_01\DEBUG\SCENE_CONVEXHULL.OBJ
D:\Dev\workspace_vs\GeoLab\GeoLab_01\Debug\vc100.idb
D:\DEV\WORKSPACE_VS\GEOLAB\GEOLAB_01\DEBUG\VC100.PDB
