D:\DEV\WORKSPACE_VS\GEOLAB\DEBUG\GEOLAB_04.EXE
D:\DEV\WORKSPACE_VS\GEOLAB\DEBUG\GEOLAB_04.ILK
D:\DEV\WORKSPACE_VS\GEOLAB\DEBUG\GEOLAB_04.PDB
D:\Dev\workspace_vs\GeoLab\GeoLab_04\Debug\cl.command.1.tlog
D:\Dev\workspace_vs\GeoLab\GeoLab_04\Debug\CL.read.1.tlog
D:\Dev\workspace_vs\GeoLab\GeoLab_04\Debug\CL.write.1.tlog
D:\DEV\WORKSPACE_VS\GEOLAB\GEOLAB_04\DEBUG\GEOLAB_04.EXE.EMBED.MANIFEST
D:\DEV\WORKSPACE_VS\GEOLAB\GEOLAB_04\DEBUG\GEOLAB_04.EXE.EMBED.MANIFEST.RES
D:\DEV\WORKSPACE_VS\GEOLAB\GEOLAB_04\DEBUG\GEOLAB_04.EXE.INTERMEDIATE.MANIFEST
D:\Dev\workspace_vs\GeoLab\GeoLab_04\Debug\GeoLab_04.vcxprojResolveAssemblyReference.cache
D:\Dev\workspace_vs\GeoLab\GeoLab_04\Debug\GeoLab_04.write.1.tlog
D:\Dev\workspace_vs\GeoLab\GeoLab_04\Debug\GeoLab_04_manifest.rc
D:\Dev\workspace_vs\GeoLab\GeoLab_04\Debug\link.4832.read.1.tlog
D:\Dev\workspace_vs\GeoLab\GeoLab_04\Debug\link.4832.write.1.tlog
D:\Dev\workspace_vs\GeoLab\GeoLab_04\Debug\link.4832-cvtres.read.1.tlog
D:\Dev\workspace_vs\GeoLab\GeoLab_04\Debug\link.4832-cvtres.write.1.tlog
D:\Dev\workspace_vs\GeoLab\GeoLab_04\Debug\link.9512.read.1.tlog
D:\Dev\workspace_vs\GeoLab\GeoLab_04\Debug\link.9512.write.1.tlog
D:\Dev\workspace_vs\GeoLab\GeoLab_04\Debug\link.9512-cvtres.read.1.tlog
D:\Dev\workspace_vs\GeoLab\GeoLab_04\Debug\link.9512-cvtres.write.1.tlog
D:\Dev\workspace_vs\GeoLab\GeoLab_04\Debug\link.9792.read.1.tlog
D:\Dev\workspace_vs\GeoLab\GeoLab_04\Debug\link.9792.write.1.tlog
D:\Dev\workspace_vs\GeoLab\GeoLab_04\Debug\link.9792-cvtres.read.1.tlog
D:\Dev\workspace_vs\GeoLab\GeoLab_04\Debug\link.9792-cvtres.write.1.tlog
D:\Dev\workspace_vs\GeoLab\GeoLab_04\Debug\link.command.1.tlog
D:\Dev\workspace_vs\GeoLab\GeoLab_04\Debug\link.read.1.tlog
D:\Dev\workspace_vs\GeoLab\GeoLab_04\Debug\link.write.1.tlog
D:\Dev\workspace_vs\GeoLab\GeoLab_04\Debug\link-cvtres.read.1.tlog
D:\Dev\workspace_vs\GeoLab\GeoLab_04\Debug\link-cvtres.write.1.tlog
D:\Dev\workspace_vs\GeoLab\GeoLab_04\Debug\mt.command.1.tlog
D:\Dev\workspace_vs\GeoLab\GeoLab_04\Debug\mt.read.1.tlog
D:\Dev\workspace_vs\GeoLab\GeoLab_04\Debug\mt.write.1.tlog
D:\Dev\workspace_vs\GeoLab\GeoLab_04\Debug\rc.command.1.tlog
D:\Dev\workspace_vs\GeoLab\GeoLab_04\Debug\rc.read.1.tlog
D:\Dev\workspace_vs\GeoLab\GeoLab_04\Debug\rc.write.1.tlog
D:\DEV\WORKSPACE_VS\GEOLAB\GEOLAB_04\DEBUG\SCENE3D.OBJ
D:\Dev\workspace_vs\GeoLab\GeoLab_04\Debug\vc100.idb
D:\DEV\WORKSPACE_VS\GEOLAB\GEOLAB_04\DEBUG\VC100.PDB
