D:\DEV\WORKSPACE_VS\GEOLAB\DEBUG\GEOLAB_05.EXE
D:\DEV\WORKSPACE_VS\GEOLAB\DEBUG\GEOLAB_05.ILK
D:\DEV\WORKSPACE_VS\GEOLAB\DEBUG\GEOLAB_05.PDB
D:\Dev\workspace_vs\GeoLab\GeoLab_05\Debug\cl.command.1.tlog
D:\Dev\workspace_vs\GeoLab\GeoLab_05\Debug\CL.read.1.tlog
D:\Dev\workspace_vs\GeoLab\GeoLab_05\Debug\CL.write.1.tlog
D:\DEV\WORKSPACE_VS\GEOLAB\GEOLAB_05\DEBUG\COLLINEARSCENE.OBJ
D:\DEV\WORKSPACE_VS\GEOLAB\GEOLAB_05\DEBUG\GEOLAB_05.EXE.EMBED.MANIFEST
D:\DEV\WORKSPACE_VS\GEOLAB\GEOLAB_05\DEBUG\GEOLAB_05.EXE.EMBED.MANIFEST.RES
D:\DEV\WORKSPACE_VS\GEOLAB\GEOLAB_05\DEBUG\GEOLAB_05.EXE.INTERMEDIATE.MANIFEST
D:\Dev\workspace_vs\GeoLab\GeoLab_05\Debug\GeoLab_05.write.1.tlog
D:\Dev\workspace_vs\GeoLab\GeoLab_05\Debug\GeoLab_05_manifest.rc
D:\Dev\workspace_vs\GeoLab\GeoLab_05\Debug\link.7996.read.1.tlog
D:\Dev\workspace_vs\GeoLab\GeoLab_05\Debug\link.7996.write.1.tlog
D:\Dev\workspace_vs\GeoLab\GeoLab_05\Debug\link.7996-cvtres.read.1.tlog
D:\Dev\workspace_vs\GeoLab\GeoLab_05\Debug\link.7996-cvtres.write.1.tlog
D:\Dev\workspace_vs\GeoLab\GeoLab_05\Debug\link.command.1.tlog
D:\Dev\workspace_vs\GeoLab\GeoLab_05\Debug\link.read.1.tlog
D:\Dev\workspace_vs\GeoLab\GeoLab_05\Debug\link.write.1.tlog
D:\Dev\workspace_vs\GeoLab\GeoLab_05\Debug\link-cvtres.read.1.tlog
D:\Dev\workspace_vs\GeoLab\GeoLab_05\Debug\link-cvtres.write.1.tlog
D:\DEV\WORKSPACE_VS\GEOLAB\GEOLAB_05\DEBUG\MAIN.OBJ
D:\DEV\WORKSPACE_VS\GEOLAB\GEOLAB_05\DEBUG\MOLDINGSCENE.OBJ
D:\Dev\workspace_vs\GeoLab\GeoLab_05\Debug\mt.command.1.tlog
D:\Dev\workspace_vs\GeoLab\GeoLab_05\Debug\mt.read.1.tlog
D:\Dev\workspace_vs\GeoLab\GeoLab_05\Debug\mt.write.1.tlog
D:\Dev\workspace_vs\GeoLab\GeoLab_05\Debug\rc.command.1.tlog
D:\Dev\workspace_vs\GeoLab\GeoLab_05\Debug\rc.read.1.tlog
D:\Dev\workspace_vs\GeoLab\GeoLab_05\Debug\rc.write.1.tlog
D:\Dev\workspace_vs\GeoLab\GeoLab_05\Debug\vc100.idb
D:\DEV\WORKSPACE_VS\GEOLAB\GEOLAB_05\DEBUG\VC100.PDB
