D:\DEV\WORKSPACE_VS\GEOLAB\APALLAKTIKI_02\DEBUG\APALLAKTIKI_02.EXE.EMBED.MANIFEST
D:\DEV\WORKSPACE_VS\GEOLAB\APALLAKTIKI_02\DEBUG\APALLAKTIKI_02.EXE.EMBED.MANIFEST.RES
D:\DEV\WORKSPACE_VS\GEOLAB\APALLAKTIKI_02\DEBUG\APALLAKTIKI_02.EXE.INTERMEDIATE.MANIFEST
D:\Dev\workspace_vs\GeoLab\Apallaktiki_02\Debug\Apallaktiki_02_manifest.rc
D:\Dev\workspace_vs\GeoLab\Apallaktiki_02\Debug\cl.command.1.tlog
D:\Dev\workspace_vs\GeoLab\Apallaktiki_02\Debug\CL.read.1.tlog
D:\Dev\workspace_vs\GeoLab\Apallaktiki_02\Debug\CL.write.1.tlog
D:\DEV\WORKSPACE_VS\GEOLAB\APALLAKTIKI_02\DEBUG\GEOLAB_APALLAKTIKI_02_XXXX.OBJ
D:\Dev\workspace_vs\GeoLab\Apallaktiki_02\Debug\link.9760.read.1.tlog
D:\Dev\workspace_vs\GeoLab\Apallaktiki_02\Debug\link.9760.write.1.tlog
D:\Dev\workspace_vs\GeoLab\Apallaktiki_02\Debug\link.9760-cvtres.read.1.tlog
D:\Dev\workspace_vs\GeoLab\Apallaktiki_02\Debug\link.9760-cvtres.write.1.tlog
D:\Dev\workspace_vs\GeoLab\Apallaktiki_02\Debug\link.command.1.tlog
D:\Dev\workspace_vs\GeoLab\Apallaktiki_02\Debug\link.read.1.tlog
D:\Dev\workspace_vs\GeoLab\Apallaktiki_02\Debug\link.write.1.tlog
D:\Dev\workspace_vs\GeoLab\Apallaktiki_02\Debug\link-cvtres.read.1.tlog
D:\Dev\workspace_vs\GeoLab\Apallaktiki_02\Debug\link-cvtres.write.1.tlog
D:\Dev\workspace_vs\GeoLab\Apallaktiki_02\Debug\mt.command.1.tlog
D:\Dev\workspace_vs\GeoLab\Apallaktiki_02\Debug\mt.read.1.tlog
D:\Dev\workspace_vs\GeoLab\Apallaktiki_02\Debug\mt.write.1.tlog
D:\Dev\workspace_vs\GeoLab\Apallaktiki_02\Debug\rc.command.1.tlog
D:\Dev\workspace_vs\GeoLab\Apallaktiki_02\Debug\rc.read.1.tlog
D:\Dev\workspace_vs\GeoLab\Apallaktiki_02\Debug\rc.write.1.tlog
D:\Dev\workspace_vs\GeoLab\Apallaktiki_02\Debug\vc100.idb
D:\DEV\WORKSPACE_VS\GEOLAB\APALLAKTIKI_02\DEBUG\VC100.PDB
D:\DEV\WORKSPACE_VS\GEOLAB\DEBUG\APALLAKTIKI_02.EXE
D:\DEV\WORKSPACE_VS\GEOLAB\DEBUG\APALLAKTIKI_02.ILK
D:\DEV\WORKSPACE_VS\GEOLAB\DEBUG\APALLAKTIKI_02.PDB
