C:\USERS\PANOSGK\DESKTOP\OPENGL_LAB05\OPENGL_LAB05\DEBUG\OPENGL_LAB05.EXE
C:\USERS\PANOSGK\DESKTOP\OPENGL_LAB05\OPENGL_LAB05\DEBUG\OPENGL_LAB05.ILK
C:\USERS\PANOSGK\DESKTOP\OPENGL_LAB05\OPENGL_LAB05\DEBUG\OPENGL_LAB05.PDB
C:\Users\PanosGk\Desktop\OpenGL_Lab05\OpenGL_Lab05\OpenGL_Lab05\Debug\cl.command.1.tlog
C:\Users\PanosGk\Desktop\OpenGL_Lab05\OpenGL_Lab05\OpenGL_Lab05\Debug\CL.read.1.tlog
C:\Users\PanosGk\Desktop\OpenGL_Lab05\OpenGL_Lab05\OpenGL_Lab05\Debug\CL.write.1.tlog
C:\Users\PanosGk\Desktop\OpenGL_Lab05\OpenGL_Lab05\OpenGL_Lab05\Debug\link.10116.read.1.tlog
C:\Users\PanosGk\Desktop\OpenGL_Lab05\OpenGL_Lab05\OpenGL_Lab05\Debug\link.10116.read.2.tlog
C:\Users\PanosGk\Desktop\OpenGL_Lab05\OpenGL_Lab05\OpenGL_Lab05\Debug\link.10116.write.1.tlog
C:\Users\PanosGk\Desktop\OpenGL_Lab05\OpenGL_Lab05\OpenGL_Lab05\Debug\link.10116-cvtres.read.1.tlog
C:\Users\PanosGk\Desktop\OpenGL_Lab05\OpenGL_Lab05\OpenGL_Lab05\Debug\link.10116-cvtres.write.1.tlog
C:\Users\PanosGk\Desktop\OpenGL_Lab05\OpenGL_Lab05\OpenGL_Lab05\Debug\link.10336.read.1.tlog
C:\Users\PanosGk\Desktop\OpenGL_Lab05\OpenGL_Lab05\OpenGL_Lab05\Debug\link.10336.read.2.tlog
C:\Users\PanosGk\Desktop\OpenGL_Lab05\OpenGL_Lab05\OpenGL_Lab05\Debug\link.10336.write.1.tlog
C:\Users\PanosGk\Desktop\OpenGL_Lab05\OpenGL_Lab05\OpenGL_Lab05\Debug\link.10336-cvtres.read.1.tlog
C:\Users\PanosGk\Desktop\OpenGL_Lab05\OpenGL_Lab05\OpenGL_Lab05\Debug\link.10336-cvtres.write.1.tlog
C:\Users\PanosGk\Desktop\OpenGL_Lab05\OpenGL_Lab05\OpenGL_Lab05\Debug\link.3180.read.1.tlog
C:\Users\PanosGk\Desktop\OpenGL_Lab05\OpenGL_Lab05\OpenGL_Lab05\Debug\link.3180.read.2.tlog
C:\Users\PanosGk\Desktop\OpenGL_Lab05\OpenGL_Lab05\OpenGL_Lab05\Debug\link.3180.write.1.tlog
C:\Users\PanosGk\Desktop\OpenGL_Lab05\OpenGL_Lab05\OpenGL_Lab05\Debug\link.3180-cvtres.read.1.tlog
C:\Users\PanosGk\Desktop\OpenGL_Lab05\OpenGL_Lab05\OpenGL_Lab05\Debug\link.3180-cvtres.write.1.tlog
C:\Users\PanosGk\Desktop\OpenGL_Lab05\OpenGL_Lab05\OpenGL_Lab05\Debug\link.4660.read.1.tlog
C:\Users\PanosGk\Desktop\OpenGL_Lab05\OpenGL_Lab05\OpenGL_Lab05\Debug\link.4660.read.2.tlog
C:\Users\PanosGk\Desktop\OpenGL_Lab05\OpenGL_Lab05\OpenGL_Lab05\Debug\link.4660.write.1.tlog
C:\Users\PanosGk\Desktop\OpenGL_Lab05\OpenGL_Lab05\OpenGL_Lab05\Debug\link.4660-cvtres.read.1.tlog
C:\Users\PanosGk\Desktop\OpenGL_Lab05\OpenGL_Lab05\OpenGL_Lab05\Debug\link.4660-cvtres.write.1.tlog
C:\Users\PanosGk\Desktop\OpenGL_Lab05\OpenGL_Lab05\OpenGL_Lab05\Debug\link.5312.read.1.tlog
C:\Users\PanosGk\Desktop\OpenGL_Lab05\OpenGL_Lab05\OpenGL_Lab05\Debug\link.5312.read.2.tlog
C:\Users\PanosGk\Desktop\OpenGL_Lab05\OpenGL_Lab05\OpenGL_Lab05\Debug\link.5312.write.1.tlog
C:\Users\PanosGk\Desktop\OpenGL_Lab05\OpenGL_Lab05\OpenGL_Lab05\Debug\link.5312-cvtres.read.1.tlog
C:\Users\PanosGk\Desktop\OpenGL_Lab05\OpenGL_Lab05\OpenGL_Lab05\Debug\link.5312-cvtres.write.1.tlog
C:\Users\PanosGk\Desktop\OpenGL_Lab05\OpenGL_Lab05\OpenGL_Lab05\Debug\link.6360.read.1.tlog
C:\Users\PanosGk\Desktop\OpenGL_Lab05\OpenGL_Lab05\OpenGL_Lab05\Debug\link.6360.read.2.tlog
C:\Users\PanosGk\Desktop\OpenGL_Lab05\OpenGL_Lab05\OpenGL_Lab05\Debug\link.6360.write.1.tlog
C:\Users\PanosGk\Desktop\OpenGL_Lab05\OpenGL_Lab05\OpenGL_Lab05\Debug\link.6360-cvtres.read.1.tlog
C:\Users\PanosGk\Desktop\OpenGL_Lab05\OpenGL_Lab05\OpenGL_Lab05\Debug\link.6360-cvtres.write.1.tlog
C:\Users\PanosGk\Desktop\OpenGL_Lab05\OpenGL_Lab05\OpenGL_Lab05\Debug\link.6592.read.1.tlog
C:\Users\PanosGk\Desktop\OpenGL_Lab05\OpenGL_Lab05\OpenGL_Lab05\Debug\link.6592.read.2.tlog
C:\Users\PanosGk\Desktop\OpenGL_Lab05\OpenGL_Lab05\OpenGL_Lab05\Debug\link.6592.write.1.tlog
C:\Users\PanosGk\Desktop\OpenGL_Lab05\OpenGL_Lab05\OpenGL_Lab05\Debug\link.6592-cvtres.read.1.tlog
C:\Users\PanosGk\Desktop\OpenGL_Lab05\OpenGL_Lab05\OpenGL_Lab05\Debug\link.6592-cvtres.write.1.tlog
C:\Users\PanosGk\Desktop\OpenGL_Lab05\OpenGL_Lab05\OpenGL_Lab05\Debug\link.7252.read.1.tlog
C:\Users\PanosGk\Desktop\OpenGL_Lab05\OpenGL_Lab05\OpenGL_Lab05\Debug\link.7252.read.2.tlog
C:\Users\PanosGk\Desktop\OpenGL_Lab05\OpenGL_Lab05\OpenGL_Lab05\Debug\link.7252.write.1.tlog
C:\Users\PanosGk\Desktop\OpenGL_Lab05\OpenGL_Lab05\OpenGL_Lab05\Debug\link.7252-cvtres.read.1.tlog
C:\Users\PanosGk\Desktop\OpenGL_Lab05\OpenGL_Lab05\OpenGL_Lab05\Debug\link.7252-cvtres.write.1.tlog
C:\Users\PanosGk\Desktop\OpenGL_Lab05\OpenGL_Lab05\OpenGL_Lab05\Debug\link.7488.read.1.tlog
C:\Users\PanosGk\Desktop\OpenGL_Lab05\OpenGL_Lab05\OpenGL_Lab05\Debug\link.7488.read.2.tlog
C:\Users\PanosGk\Desktop\OpenGL_Lab05\OpenGL_Lab05\OpenGL_Lab05\Debug\link.7488.write.1.tlog
C:\Users\PanosGk\Desktop\OpenGL_Lab05\OpenGL_Lab05\OpenGL_Lab05\Debug\link.7488-cvtres.read.1.tlog
C:\Users\PanosGk\Desktop\OpenGL_Lab05\OpenGL_Lab05\OpenGL_Lab05\Debug\link.7488-cvtres.write.1.tlog
C:\Users\PanosGk\Desktop\OpenGL_Lab05\OpenGL_Lab05\OpenGL_Lab05\Debug\link.8628.read.1.tlog
C:\Users\PanosGk\Desktop\OpenGL_Lab05\OpenGL_Lab05\OpenGL_Lab05\Debug\link.8628.read.2.tlog
C:\Users\PanosGk\Desktop\OpenGL_Lab05\OpenGL_Lab05\OpenGL_Lab05\Debug\link.8628.write.1.tlog
C:\Users\PanosGk\Desktop\OpenGL_Lab05\OpenGL_Lab05\OpenGL_Lab05\Debug\link.8628-cvtres.read.1.tlog
C:\Users\PanosGk\Desktop\OpenGL_Lab05\OpenGL_Lab05\OpenGL_Lab05\Debug\link.8628-cvtres.write.1.tlog
C:\Users\PanosGk\Desktop\OpenGL_Lab05\OpenGL_Lab05\OpenGL_Lab05\Debug\link.9388.read.1.tlog
C:\Users\PanosGk\Desktop\OpenGL_Lab05\OpenGL_Lab05\OpenGL_Lab05\Debug\link.9388.read.2.tlog
C:\Users\PanosGk\Desktop\OpenGL_Lab05\OpenGL_Lab05\OpenGL_Lab05\Debug\link.9388.write.1.tlog
C:\Users\PanosGk\Desktop\OpenGL_Lab05\OpenGL_Lab05\OpenGL_Lab05\Debug\link.9388-cvtres.read.1.tlog
C:\Users\PanosGk\Desktop\OpenGL_Lab05\OpenGL_Lab05\OpenGL_Lab05\Debug\link.9388-cvtres.write.1.tlog
C:\Users\PanosGk\Desktop\OpenGL_Lab05\OpenGL_Lab05\OpenGL_Lab05\Debug\link.9900.read.1.tlog
C:\Users\PanosGk\Desktop\OpenGL_Lab05\OpenGL_Lab05\OpenGL_Lab05\Debug\link.9900.read.2.tlog
C:\Users\PanosGk\Desktop\OpenGL_Lab05\OpenGL_Lab05\OpenGL_Lab05\Debug\link.9900.write.1.tlog
C:\Users\PanosGk\Desktop\OpenGL_Lab05\OpenGL_Lab05\OpenGL_Lab05\Debug\link.9900-cvtres.read.1.tlog
C:\Users\PanosGk\Desktop\OpenGL_Lab05\OpenGL_Lab05\OpenGL_Lab05\Debug\link.9900-cvtres.write.1.tlog
C:\Users\PanosGk\Desktop\OpenGL_Lab05\OpenGL_Lab05\OpenGL_Lab05\Debug\link.9904.read.1.tlog
C:\Users\PanosGk\Desktop\OpenGL_Lab05\OpenGL_Lab05\OpenGL_Lab05\Debug\link.9904.read.2.tlog
C:\Users\PanosGk\Desktop\OpenGL_Lab05\OpenGL_Lab05\OpenGL_Lab05\Debug\link.9904.write.1.tlog
C:\Users\PanosGk\Desktop\OpenGL_Lab05\OpenGL_Lab05\OpenGL_Lab05\Debug\link.9904-cvtres.read.1.tlog
C:\Users\PanosGk\Desktop\OpenGL_Lab05\OpenGL_Lab05\OpenGL_Lab05\Debug\link.9904-cvtres.write.1.tlog
C:\Users\PanosGk\Desktop\OpenGL_Lab05\OpenGL_Lab05\OpenGL_Lab05\Debug\link.command.1.tlog
C:\Users\PanosGk\Desktop\OpenGL_Lab05\OpenGL_Lab05\OpenGL_Lab05\Debug\link.read.1.tlog
C:\Users\PanosGk\Desktop\OpenGL_Lab05\OpenGL_Lab05\OpenGL_Lab05\Debug\link.read.2.tlog
C:\Users\PanosGk\Desktop\OpenGL_Lab05\OpenGL_Lab05\OpenGL_Lab05\Debug\link.write.1.tlog
C:\Users\PanosGk\Desktop\OpenGL_Lab05\OpenGL_Lab05\OpenGL_Lab05\Debug\link-cvtres.read.1.tlog
C:\Users\PanosGk\Desktop\OpenGL_Lab05\OpenGL_Lab05\OpenGL_Lab05\Debug\link-cvtres.write.1.tlog
C:\USERS\PANOSGK\DESKTOP\OPENGL_LAB05\OPENGL_LAB05\OPENGL_LAB05\DEBUG\MAIN.OBJ
C:\Users\PanosGk\Desktop\OpenGL_Lab05\OpenGL_Lab05\OpenGL_Lab05\Debug\mt.command.1.tlog
C:\Users\PanosGk\Desktop\OpenGL_Lab05\OpenGL_Lab05\OpenGL_Lab05\Debug\mt.read.1.tlog
C:\Users\PanosGk\Desktop\OpenGL_Lab05\OpenGL_Lab05\OpenGL_Lab05\Debug\mt.write.1.tlog
C:\USERS\PANOSGK\DESKTOP\OPENGL_LAB05\OPENGL_LAB05\OPENGL_LAB05\DEBUG\OPENGL_LAB05.EXE.EMBED.MANIFEST
C:\USERS\PANOSGK\DESKTOP\OPENGL_LAB05\OPENGL_LAB05\OPENGL_LAB05\DEBUG\OPENGL_LAB05.EXE.EMBED.MANIFEST.RES
C:\USERS\PANOSGK\DESKTOP\OPENGL_LAB05\OPENGL_LAB05\OPENGL_LAB05\DEBUG\OPENGL_LAB05.EXE.INTERMEDIATE.MANIFEST
C:\Users\PanosGk\Desktop\OpenGL_Lab05\OpenGL_Lab05\OpenGL_Lab05\Debug\OpenGL_Lab05.vcxprojResolveAssemblyReference.cache
C:\Users\PanosGk\Desktop\OpenGL_Lab05\OpenGL_Lab05\OpenGL_Lab05\Debug\OpenGL_Lab05.write.1.tlog
C:\Users\PanosGk\Desktop\OpenGL_Lab05\OpenGL_Lab05\OpenGL_Lab05\Debug\OpenGL_Lab05_manifest.rc
C:\Users\PanosGk\Desktop\OpenGL_Lab05\OpenGL_Lab05\OpenGL_Lab05\Debug\rc.command.1.tlog
C:\Users\PanosGk\Desktop\OpenGL_Lab05\OpenGL_Lab05\OpenGL_Lab05\Debug\rc.read.1.tlog
C:\Users\PanosGk\Desktop\OpenGL_Lab05\OpenGL_Lab05\OpenGL_Lab05\Debug\rc.write.1.tlog
C:\Users\PanosGk\Desktop\OpenGL_Lab05\OpenGL_Lab05\OpenGL_Lab05\Debug\vc100.idb
C:\USERS\PANOSGK\DESKTOP\OPENGL_LAB05\OPENGL_LAB05\OPENGL_LAB05\DEBUG\VC100.PDB
C:\USERS\PANOSGK\DESKTOP\OPENGL_LAB05\OPENGL_LAB05\OPENGL_LAB05\DEBUG\VISUALS.OBJ
