D:\DEV\WORKSPACE_VS\GEOLAB\APALLAKTIKI_03\DEBUG\APALLAKTIKI_03.EXE.EMBED.MANIFEST
D:\DEV\WORKSPACE_VS\GEOLAB\APALLAKTIKI_03\DEBUG\APALLAKTIKI_03.EXE.EMBED.MANIFEST.RES
D:\DEV\WORKSPACE_VS\GEOLAB\APALLAKTIKI_03\DEBUG\APALLAKTIKI_03.EXE.INTERMEDIATE.MANIFEST
D:\Dev\workspace_vs\GeoLab\Apallaktiki_03\Debug\Apallaktiki_03_manifest.rc
D:\Dev\workspace_vs\GeoLab\Apallaktiki_03\Debug\cl.command.1.tlog
D:\Dev\workspace_vs\GeoLab\Apallaktiki_03\Debug\CL.read.1.tlog
D:\Dev\workspace_vs\GeoLab\Apallaktiki_03\Debug\CL.write.1.tlog
D:\DEV\WORKSPACE_VS\GEOLAB\APALLAKTIKI_03\DEBUG\GEOLAB_APALLAKTIKI_03_XXXX.OBJ
D:\Dev\workspace_vs\GeoLab\Apallaktiki_03\Debug\link.10012.read.1.tlog
D:\Dev\workspace_vs\GeoLab\Apallaktiki_03\Debug\link.10012.write.1.tlog
D:\Dev\workspace_vs\GeoLab\Apallaktiki_03\Debug\link.10012-cvtres.read.1.tlog
D:\Dev\workspace_vs\GeoLab\Apallaktiki_03\Debug\link.10012-cvtres.write.1.tlog
D:\Dev\workspace_vs\GeoLab\Apallaktiki_03\Debug\link.command.1.tlog
D:\Dev\workspace_vs\GeoLab\Apallaktiki_03\Debug\link.read.1.tlog
D:\Dev\workspace_vs\GeoLab\Apallaktiki_03\Debug\link.write.1.tlog
D:\Dev\workspace_vs\GeoLab\Apallaktiki_03\Debug\link-cvtres.read.1.tlog
D:\Dev\workspace_vs\GeoLab\Apallaktiki_03\Debug\link-cvtres.write.1.tlog
D:\Dev\workspace_vs\GeoLab\Apallaktiki_03\Debug\mt.command.1.tlog
D:\Dev\workspace_vs\GeoLab\Apallaktiki_03\Debug\mt.read.1.tlog
D:\Dev\workspace_vs\GeoLab\Apallaktiki_03\Debug\mt.write.1.tlog
D:\Dev\workspace_vs\GeoLab\Apallaktiki_03\Debug\rc.command.1.tlog
D:\Dev\workspace_vs\GeoLab\Apallaktiki_03\Debug\rc.read.1.tlog
D:\Dev\workspace_vs\GeoLab\Apallaktiki_03\Debug\rc.write.1.tlog
D:\Dev\workspace_vs\GeoLab\Apallaktiki_03\Debug\vc100.idb
D:\DEV\WORKSPACE_VS\GEOLAB\APALLAKTIKI_03\DEBUG\VC100.PDB
D:\DEV\WORKSPACE_VS\GEOLAB\DEBUG\APALLAKTIKI_03.EXE
D:\DEV\WORKSPACE_VS\GEOLAB\DEBUG\APALLAKTIKI_03.ILK
D:\DEV\WORKSPACE_VS\GEOLAB\DEBUG\APALLAKTIKI_03.PDB
