C:\USERS\CHRISTOS\WORKSPACE_VS\GEOLABSKELETON\DEBUG\GEOLABSKELETON.EXE
C:\USERS\CHRISTOS\WORKSPACE_VS\GEOLABSKELETON\DEBUG\GEOLABSKELETON.ILK
C:\USERS\CHRISTOS\WORKSPACE_VS\GEOLABSKELETON\DEBUG\GEOLABSKELETON.PDB
C:\Users\Christos\workspace_vs\GeoLabSkeleton\GeoLabSkeleton\Debug\cl.command.1.tlog
C:\Users\Christos\workspace_vs\GeoLabSkeleton\GeoLabSkeleton\Debug\CL.read.1.tlog
C:\Users\Christos\workspace_vs\GeoLabSkeleton\GeoLabSkeleton\Debug\CL.write.1.tlog
C:\USERS\CHRISTOS\WORKSPACE_VS\GEOLABSKELETON\GEOLABSKELETON\DEBUG\CONTOUREDITORSCENE.OBJ
C:\USERS\CHRISTOS\WORKSPACE_VS\GEOLABSKELETON\GEOLABSKELETON\DEBUG\GEOLABSKELETON.EXE.EMBED.MANIFEST
C:\USERS\CHRISTOS\WORKSPACE_VS\GEOLABSKELETON\GEOLABSKELETON\DEBUG\GEOLABSKELETON.EXE.EMBED.MANIFEST.RES
C:\USERS\CHRISTOS\WORKSPACE_VS\GEOLABSKELETON\GEOLABSKELETON\DEBUG\GEOLABSKELETON.EXE.INTERMEDIATE.MANIFEST
C:\Users\Christos\workspace_vs\GeoLabSkeleton\GeoLabSkeleton\Debug\GeoLabSkeleton.vcxprojResolveAssemblyReference.cache
C:\Users\Christos\workspace_vs\GeoLabSkeleton\GeoLabSkeleton\Debug\GeoLabSkeleton.write.1.tlog
C:\Users\Christos\workspace_vs\GeoLabSkeleton\GeoLabSkeleton\Debug\GeoLabSkeleton_manifest.rc
C:\Users\Christos\workspace_vs\GeoLabSkeleton\GeoLabSkeleton\Debug\link.10016.read.1.tlog
C:\Users\Christos\workspace_vs\GeoLabSkeleton\GeoLabSkeleton\Debug\link.10016.write.1.tlog
C:\Users\Christos\workspace_vs\GeoLabSkeleton\GeoLabSkeleton\Debug\link.10016-cvtres.read.1.tlog
C:\Users\Christos\workspace_vs\GeoLabSkeleton\GeoLabSkeleton\Debug\link.10016-cvtres.write.1.tlog
C:\Users\Christos\workspace_vs\GeoLabSkeleton\GeoLabSkeleton\Debug\link.11428.read.1.tlog
C:\Users\Christos\workspace_vs\GeoLabSkeleton\GeoLabSkeleton\Debug\link.11428.write.1.tlog
C:\Users\Christos\workspace_vs\GeoLabSkeleton\GeoLabSkeleton\Debug\link.11428-cvtres.read.1.tlog
C:\Users\Christos\workspace_vs\GeoLabSkeleton\GeoLabSkeleton\Debug\link.11428-cvtres.write.1.tlog
C:\Users\Christos\workspace_vs\GeoLabSkeleton\GeoLabSkeleton\Debug\link.6924.read.1.tlog
C:\Users\Christos\workspace_vs\GeoLabSkeleton\GeoLabSkeleton\Debug\link.6924.write.1.tlog
C:\Users\Christos\workspace_vs\GeoLabSkeleton\GeoLabSkeleton\Debug\link.6924-cvtres.read.1.tlog
C:\Users\Christos\workspace_vs\GeoLabSkeleton\GeoLabSkeleton\Debug\link.6924-cvtres.write.1.tlog
C:\Users\Christos\workspace_vs\GeoLabSkeleton\GeoLabSkeleton\Debug\link.command.1.tlog
C:\Users\Christos\workspace_vs\GeoLabSkeleton\GeoLabSkeleton\Debug\link.read.1.tlog
C:\Users\Christos\workspace_vs\GeoLabSkeleton\GeoLabSkeleton\Debug\link.write.1.tlog
C:\Users\Christos\workspace_vs\GeoLabSkeleton\GeoLabSkeleton\Debug\link-cvtres.read.1.tlog
C:\Users\Christos\workspace_vs\GeoLabSkeleton\GeoLabSkeleton\Debug\link-cvtres.write.1.tlog
C:\USERS\CHRISTOS\WORKSPACE_VS\GEOLABSKELETON\GEOLABSKELETON\DEBUG\MAIN.OBJ
C:\Users\Christos\workspace_vs\GeoLabSkeleton\GeoLabSkeleton\Debug\mt.command.1.tlog
C:\Users\Christos\workspace_vs\GeoLabSkeleton\GeoLabSkeleton\Debug\mt.read.1.tlog
C:\Users\Christos\workspace_vs\GeoLabSkeleton\GeoLabSkeleton\Debug\mt.write.1.tlog
C:\Users\Christos\workspace_vs\GeoLabSkeleton\GeoLabSkeleton\Debug\rc.command.1.tlog
C:\Users\Christos\workspace_vs\GeoLabSkeleton\GeoLabSkeleton\Debug\rc.read.1.tlog
C:\Users\Christos\workspace_vs\GeoLabSkeleton\GeoLabSkeleton\Debug\rc.write.1.tlog
C:\USERS\CHRISTOS\WORKSPACE_VS\GEOLABSKELETON\GEOLABSKELETON\DEBUG\SIMPLE2DSCENE.OBJ
C:\USERS\CHRISTOS\WORKSPACE_VS\GEOLABSKELETON\GEOLABSKELETON\DEBUG\SKELETONSCENE.OBJ
C:\Users\Christos\workspace_vs\GeoLabSkeleton\GeoLabSkeleton\Debug\vc100.idb
C:\USERS\CHRISTOS\WORKSPACE_VS\GEOLABSKELETON\GEOLABSKELETON\DEBUG\VC100.PDB
