D:\DEV\WORKSPACE_VS\GEOLAB\DEBUG\GEOLAB_00.EXE
D:\DEV\WORKSPACE_VS\GEOLAB\DEBUG\GEOLAB_00.ILK
D:\DEV\WORKSPACE_VS\GEOLAB\DEBUG\GEOLAB_00.PDB
D:\Dev\workspace_vs\GeoLab\GeoLab_00\Debug\cl.command.1.tlog
D:\Dev\workspace_vs\GeoLab\GeoLab_00\Debug\CL.read.1.tlog
D:\Dev\workspace_vs\GeoLab\GeoLab_00\Debug\CL.write.1.tlog
D:\DEV\WORKSPACE_VS\GEOLAB\GEOLAB_00\DEBUG\GEOLAB_00.EXE.EMBED.MANIFEST
D:\DEV\WORKSPACE_VS\GEOLAB\GEOLAB_00\DEBUG\GEOLAB_00.EXE.EMBED.MANIFEST.RES
D:\DEV\WORKSPACE_VS\GEOLAB\GEOLAB_00\DEBUG\GEOLAB_00.EXE.INTERMEDIATE.MANIFEST
D:\Dev\workspace_vs\GeoLab\GeoLab_00\Debug\GeoLab_00_manifest.rc
D:\Dev\workspace_vs\GeoLab\GeoLab_00\Debug\link.9680.read.1.tlog
D:\Dev\workspace_vs\GeoLab\GeoLab_00\Debug\link.9680.write.1.tlog
D:\Dev\workspace_vs\GeoLab\GeoLab_00\Debug\link.9680-cvtres.read.1.tlog
D:\Dev\workspace_vs\GeoLab\GeoLab_00\Debug\link.9680-cvtres.write.1.tlog
D:\Dev\workspace_vs\GeoLab\GeoLab_00\Debug\link.command.1.tlog
D:\Dev\workspace_vs\GeoLab\GeoLab_00\Debug\link.read.1.tlog
D:\Dev\workspace_vs\GeoLab\GeoLab_00\Debug\link.write.1.tlog
D:\Dev\workspace_vs\GeoLab\GeoLab_00\Debug\link-cvtres.read.1.tlog
D:\Dev\workspace_vs\GeoLab\GeoLab_00\Debug\link-cvtres.write.1.tlog
D:\DEV\WORKSPACE_VS\GEOLAB\GEOLAB_00\DEBUG\MAIN.OBJ
D:\Dev\workspace_vs\GeoLab\GeoLab_00\Debug\mt.command.1.tlog
D:\Dev\workspace_vs\GeoLab\GeoLab_00\Debug\mt.read.1.tlog
D:\Dev\workspace_vs\GeoLab\GeoLab_00\Debug\mt.write.1.tlog
D:\Dev\workspace_vs\GeoLab\GeoLab_00\Debug\rc.command.1.tlog
D:\Dev\workspace_vs\GeoLab\GeoLab_00\Debug\rc.read.1.tlog
D:\Dev\workspace_vs\GeoLab\GeoLab_00\Debug\rc.write.1.tlog
D:\DEV\WORKSPACE_VS\GEOLAB\GEOLAB_00\DEBUG\SCENE01.OBJ
D:\DEV\WORKSPACE_VS\GEOLAB\GEOLAB_00\DEBUG\SCENE02.OBJ
D:\Dev\workspace_vs\GeoLab\GeoLab_00\Debug\vc100.idb
D:\DEV\WORKSPACE_VS\GEOLAB\GEOLAB_00\DEBUG\VC100.PDB
