Build started 6/2/2016 2:48:01 μμ.
     1>Project "C:\Users\PanosGk\Desktop\opengl_lab03\opengl_lab03\OpenGL_Lab03\OpenGL_Lab03.vcxproj" on node 2 (Build target(s)).
     1>ClCompile:
         C:\Program Files (x86)\Microsoft Visual Studio 12.0\VC\bin\CL.exe /c /I..\libs\gl\include /ZI /nologo /W3 /WX- /Od /Oy- /D WIN32 /D _DEBUG /D _CONSOLE /D _UNICODE /D UNICODE /Gm /EHsc /RTC1 /MDd /GS /fp:precise /Zc:wchar_t /Zc:forScope /Fo"Debug\\" /Fd"Debug\vc120.pdb" /Gd /TP /analyze- /errorReport:prompt main.cpp visuals.cpp
         visuals.cpp
     1>c:\users\panosgk\desktop\opengl_lab03\opengl_lab03\opengl_lab03\visuals.cpp(51): warning C4305: 'argument' : truncation from 'double' to 'GLclampf'
     1>c:\users\panosgk\desktop\opengl_lab03\opengl_lab03\opengl_lab03\visuals.cpp(53): warning C4305: 'argument' : truncation from 'double' to 'float'
     1>c:\users\panosgk\desktop\opengl_lab03\opengl_lab03\opengl_lab03\visuals.cpp(85): warning C4305: 'initializing' : truncation from 'double' to 'float'
     1>c:\users\panosgk\desktop\opengl_lab03\opengl_lab03\opengl_lab03\visuals.cpp(94): warning C4305: 'initializing' : truncation from 'double' to 'float'
     1>c:\users\panosgk\desktop\opengl_lab03\opengl_lab03\opengl_lab03\visuals.cpp(115): warning C4244: 'argument' : conversion from 'int' to 'GLfloat', possible loss of data
     1>c:\users\panosgk\desktop\opengl_lab03\opengl_lab03\opengl_lab03\visuals.cpp(119): warning C4244: '=' : conversion from 'double' to 'float', possible loss of data
     1>c:\users\panosgk\desktop\opengl_lab03\opengl_lab03\opengl_lab03\visuals.cpp(120): warning C4244: '=' : conversion from 'double' to 'float', possible loss of data
     1>c:\users\panosgk\desktop\opengl_lab03\opengl_lab03\opengl_lab03\visuals.cpp(121): warning C4244: '=' : conversion from 'double' to 'float', possible loss of data
     1>c:\users\panosgk\desktop\opengl_lab03\opengl_lab03\opengl_lab03\visuals.cpp(126): warning C4244: 'argument' : conversion from 'int' to 'GLfloat', possible loss of data
     1>c:\users\panosgk\desktop\opengl_lab03\opengl_lab03\opengl_lab03\visuals.cpp(129): warning C4244: 'argument' : conversion from 'int' to 'GLfloat', possible loss of data
     1>c:\users\panosgk\desktop\opengl_lab03\opengl_lab03\opengl_lab03\visuals.cpp(137): warning C4305: '=' : truncation from 'double' to 'float'
     1>c:\users\panosgk\desktop\opengl_lab03\opengl_lab03\opengl_lab03\visuals.cpp(139): warning C4305: 'argument' : truncation from 'double' to 'float'
     1>c:\users\panosgk\desktop\opengl_lab03\opengl_lab03\opengl_lab03\visuals.cpp(140): warning C4305: 'argument' : truncation from 'double' to 'float'
     1>c:\users\panosgk\desktop\opengl_lab03\opengl_lab03\opengl_lab03\visuals.cpp(256): warning C4244: '+=' : conversion from 'double' to 'float', possible loss of data
     1>c:\users\panosgk\desktop\opengl_lab03\opengl_lab03\opengl_lab03\visuals.cpp(257): warning C4244: '+=' : conversion from 'double' to 'float', possible loss of data
     1>c:\users\panosgk\desktop\opengl_lab03\opengl_lab03\opengl_lab03\visuals.cpp(272): warning C4244: 'argument' : conversion from 'double' to 'GLfloat', possible loss of data
     1>c:\users\panosgk\desktop\opengl_lab03\opengl_lab03\opengl_lab03\visuals.cpp(335): warning C4244: '=' : conversion from 'float' to 'unsigned char', possible loss of data
     1>c:\users\panosgk\desktop\opengl_lab03\opengl_lab03\opengl_lab03\visuals.cpp(336): warning C4244: '=' : conversion from 'float' to 'unsigned char', possible loss of data
     1>c:\users\panosgk\desktop\opengl_lab03\opengl_lab03\opengl_lab03\visuals.cpp(337): warning C4244: '=' : conversion from 'float' to 'unsigned char', possible loss of data
         main.cpp
         Generating Code...
       Link:
         C:\Program Files (x86)\Microsoft Visual Studio 12.0\VC\bin\link.exe /ERRORREPORT:PROMPT /OUT:"C:\Users\PanosGk\Desktop\opengl_lab03\opengl_lab03\Debug\OpenGL_Lab03.exe" /INCREMENTAL /NOLOGO /LIBPATH:..\libs\gl\lib opengl32.lib glu32.lib freeglut.lib glew32s.lib kernel32.lib user32.lib gdi32.lib winspool.lib comdlg32.lib advapi32.lib shell32.lib ole32.lib oleaut32.lib uuid.lib odbc32.lib odbccp32.lib /MANIFEST /MANIFESTUAC:"level='asInvoker' uiAccess='false'" /manifest:embed /DEBUG /PDB:"C:\Users\PanosGk\Desktop\opengl_lab03\opengl_lab03\Debug\OpenGL_Lab03.pdb" /SUBSYSTEM:CONSOLE /TLBID:1 /DYNAMICBASE /NXCOMPAT /IMPLIB:"C:\Users\PanosGk\Desktop\opengl_lab03\opengl_lab03\Debug\OpenGL_Lab03.lib" /MACHINE:X86 Debug\main.obj
         Debug\visuals.obj
     1>LINK : warning LNK4098: defaultlib 'LIBCMT' conflicts with use of other libs; use /NODEFAULTLIB:library
         OpenGL_Lab03.vcxproj -> C:\Users\PanosGk\Desktop\opengl_lab03\opengl_lab03\Debug\OpenGL_Lab03.exe
     1>Done Building Project "C:\Users\PanosGk\Desktop\opengl_lab03\opengl_lab03\OpenGL_Lab03\OpenGL_Lab03.vcxproj" (Build target(s)).

Build succeeded.

Time Elapsed 00:00:01.75
